1641479276937	geckodriver	INFO	Listening on 127.0.0.1:54923
1641479279977	mozrunner::runner	INFO	Running command: "C:\\Program Files\\Mozilla Firefox\\firefox.exe" "--marionette" "--remote-debugging-port" "54924" "-no-remote" "-profile" "C:\\Users\\kikweina\\AppData\\Local\\Temp\\rust_mozprofilevX3BxQ"
1641479280629	Marionette	INFO	Marionette enabled
console.warn: SearchSettings: "get: No settings file exists, new profile?" (new NotFoundError("Could not open the file at C:\\Users\\kikweina\\AppData\\Local\\Temp\\rust_mozprofilevX3BxQ\\search.json.mozlz4", (void 0)))
DevTools listening on ws://localhost:54924/devtools/browser/7252d85d-b230-4b0c-8dd0-cdba80984aaf
1641479282693	Marionette	INFO	Listening on port 54929
1641479283177	RemoteAgent	WARN	TLS certificate errors will be ignored for this session
JavaScript warning: https://web.whatsapp.com/bootstrap_qr.fa9b5ba408af1a3623ab.js, line 58: unreachable code after return statement
1641479437729	Marionette	INFO	Stopped listening on port 54929
console.warn: TopSitesFeed: Failed to fetch data from Contile server: NetworkError when attempting to fetch resource.
JavaScript error: chrome://remote/content/marionette/cert.js, line 55: NS_ERROR_NOT_AVAILABLE: Component returned failure code: 0x80040111 (NS_ERROR_NOT_AVAILABLE) [nsICertOverrideService.setDisableAllSecurityChecksAndLetAttackersInterceptMyData]

###!!! [Parent][RunMessage] Error: Channel closing: too late to send/recv, messages will be lost

1641479953181	geckodriver	INFO	Listening on 127.0.0.1:57935
1641479956249	mozrunner::runner	INFO	Running command: "C:\\Program Files\\Mozilla Firefox\\firefox.exe" "--marionette" "--remote-debugging-port" "57936" "-no-remote" "-profile" "C:\\Users\\kikweina\\AppData\\Local\\Temp\\rust_mozprofileHF78o4"
1641479956573	Marionette	INFO	Marionette enabled
console.warn: SearchSettings: "get: No settings file exists, new profile?" (new NotFoundError("Could not open the file at C:\\Users\\kikweina\\AppData\\Local\\Temp\\rust_mozprofileHF78o4\\search.json.mozlz4", (void 0)))
DevTools listening on ws://localhost:57936/devtools/browser/721e1d39-90cf-4f86-9a31-a1c4e26f9815
1641479958535	Marionette	INFO	Listening on port 57943
1641479958943	RemoteAgent	WARN	TLS certificate errors will be ignored for this session
JavaScript warning: https://web.whatsapp.com/bootstrap_qr.fa9b5ba408af1a3623ab.js, line 58: unreachable code after return statement
JavaScript error: https://web.whatsapp.com/serviceworker.js, line 1: TypeError: Cache.put: Cache got basic response with bad status 206 while trying to add request https://web.whatsapp.com/sequential-ptt-middle_7fa161964e93db72b8d00ae22189d75f.mp3
JavaScript error: https://web.whatsapp.com/serviceworker.js, line 1: TypeError: Cache.put: Cache got basic response with bad status 206 while trying to add request https://web.whatsapp.com/sequential-ptt-end_62ed28be622237546fd39f9468a76a49.mp3
JavaScript error: https://web.whatsapp.com/serviceworker.js, line 1: TypeError: Cache.put: Cache got basic response with bad status 206 while trying to add request https://web.whatsapp.com/notification_2a485d84012c106acef03b527bb54635.mp3

###!!! [Parent][RunMessage] Error: Channel closing: too late to send/recv, messages will be lost


###!!! [Parent][RunMessage] Error: Channel closing: too late to send/recv, messages will be lost

1641480289813	Marionette	INFO	Stopped listening on port 57943
console.warn: TopSitesFeed: Failed to fetch data from Contile server: NetworkError when attempting to fetch resource.

###!!! [Parent][RunMessage] Error: Channel closing: too late to send/recv, messages will be lost

t_mozprofilegQOVOt"
1641480170496	Marionette	INFO	Marionette enabled
console.warn: SearchSettings: "get: No settings file exists, new profile?" (new NotFoundError("Could not open the file at C:\\Users\\kikweina\\AppData\\Local\\Temp\\rust_mozprofilegQOVOt\\search.json.mozlz4", (void 0)))
DevTools listening on ws://localhost:58026/devtools/browser/84fef9dc-14bd-4fb9-8a3b-7c63d3e23858
1641480172436	Marionette	INFO	Listening on port 58031
1641480172846	RemoteAgent	WARN	TLS certificate errors will be ignored for this session
JavaScript warning: https://web.whatsapp.com/bootstrap_qr.fa9b5ba408af1a3623ab.js, line 58: unreachable code after return statement
JavaScript error: https://web.whatsapp.com/serviceworker.js, line 1: TypeError: Cache.put: Cache got basic response with bad status 206 while trying to add request https://web.whatsapp.com/sequential-ptt-end_62ed28be622237546fd39f9468a76a49.mp3
JavaScript error: https://web.whatsapp.com/serviceworker.js, line 1: TypeError: Cache.put: Cache got basic response with bad status 206 while trying to add request https://web.whatsapp.com/notification_2a485d84012c106acef03b527bb54635.mp3
JavaScript error: https://web.whatsapp.com/serviceworker.js, line 1: TypeError: Cache.put: Cache got basic response with bad status 206 while trying to add request https://web.whatsapp.com/sequential-ptt-middle_7fa161964e93db72b8d00ae22189d75f.mp3
1641480293668	Marionette	INFO	Stopped listening on port 58031
console.warn: TopSitesFeed: Failed to fetch data from Contile server: NetworkError when attempting to fetch resource.

###!!! [Parent][RunMessage] Error: Channel closing: too late to send/recv, messages will be lost

1641480411624	geckodriver	INFO	Listening on 127.0.0.1:58123
1641480414752	mozrunner::runner	INFO	Running command: "C:\\Program Files\\Mozilla Firefox\\firefox.exe" "--marionette" "--remote-debugging-port" "58124" "-no-remote" "-profile" "C:\\Users\\kikweina\\AppData\\Local\\Temp\\rust_mozprofilezj7IHU"
1641480415018	Marionette	INFO	Marionette enabled
console.warn: SearchSettings: "get: No settings file exists, new profile?" (new NotFoundError("Could not open the file at C:\\Users\\kikweina\\AppData\\Local\\Temp\\rust_mozprofilezj7IHU\\search.json.mozlz4", (void 0)))
DevTools listening on ws://localhost:58124/devtools/browser/1df4d602-3b05-4491-ab28-8597d7d5e9bd
1641480417035	Marionette	INFO	Listening on port 58129
1641480417460	RemoteAgent	WARN	TLS certificate errors will be ignored for this session
JavaScript warning: https://web.whatsapp.com/bootstrap_qr.fa9b5ba408af1a3623ab.js, line 58: unreachable code after return statement
JavaScript error: https://web.whatsapp.com/serviceworker.js, line 1: TypeError: Cache.put: Cache got basic response with bad status 206 while trying to add request https://web.whatsapp.com/sequential-ptt-middle_7fa161964e93db72b8d00ae22189d75f.mp3
JavaScript error: https://web.whatsapp.com/serviceworker.js, line 1: TypeError: Cache.put: Cache got basic response with bad status 206 while trying to add request https://web.whatsapp.com/sequential-ptt-end_62ed28be622237546fd39f9468a76a49.mp3
JavaScript error: https://web.whatsapp.com/serviceworker.js, line 1: TypeError: Cache.put: Cache got basic response with bad status 206 while trying to add request https://web.whatsapp.com/notification_2a485d84012c106acef03b527bb54635.mp3

###!!! [Parent][MessageChannel] Error: (msgtype=0x680008,name=PMessagePort::Msg___delete__) Channel closing: too late to send/recv, messages will be lost


###!!! [Parent][RunMessage] Error: Channel closing: too late to send/recv, messages will be lost


###!!! [Parent][RunMessage] Error: Channel closing: too late to send/recv, messages will be lost

1641480753100	Marionette	INFO	Stopped listening on port 58129
console.warn: TopSitesFeed: Failed to fetch data from Contile server: NetworkError when attempting to fetch resource.

###!!! [Parent][RunMessage] Error: Channel closing: too late to send/recv, messages will be lost

